SF:lib\global\models\photo.dart
DA:13,4
DA:15,2
DA:17,2
LF:3
LH:3
end_of_record
SF:lib\global\models\photo.g.dart
DA:9,2
DA:10,1
DA:11,1
DA:12,1
DA:13,1
DA:14,1
DA:17,2
DA:18,1
DA:19,1
DA:20,1
DA:21,1
DA:22,1
LF:12
LH:12
end_of_record
SF:lib\global\services\api\photo_services.dart
DA:10,1
DA:12,1
DA:13,1
DA:14,3
DA:15,0
DA:16,0
LF:6
LH:4
end_of_record
SF:lib\global\connectivity_handler\widgets\alert_dialog.dart
DA:5,1
DA:15,1
DA:17,1
DA:21,1
DA:27,1
DA:31,1
DA:32,1
DA:33,1
DA:36,1
DA:39,1
DA:41,1
DA:44,2
DA:49,0
LF:13
LH:12
end_of_record
SF:lib\modules\list_photos\widgets\photo_Item_Card.dart
DA:7,1
DA:14,1
DA:16,1
DA:17,2
DA:18,1
DA:19,2
DA:20,1
DA:21,0
DA:22,0
DA:24,0
DA:25,0
DA:29,1
DA:30,1
DA:31,1
DA:32,1
DA:36,1
DA:42,1
DA:43,1
DA:44,1
DA:46,1
DA:47,1
DA:48,1
DA:52,3
LF:23
LH:19
end_of_record
SF:lib\modules\photo_detail.dart\widgets\photo_detail.dart
DA:12,2
DA:14,1
DA:15,1
DA:21,1
DA:23,1
DA:24,1
DA:27,1
DA:28,1
DA:29,1
DA:30,0
DA:31,0
DA:35,1
DA:37,1
DA:39,0
DA:40,0
DA:41,0
DA:43,0
DA:44,0
DA:45,0
DA:46,0
DA:47,0
DA:48,0
DA:49,0
DA:50,0
DA:51,0
DA:52,0
DA:53,0
DA:57,0
DA:58,0
DA:59,0
LF:30
LH:11
end_of_record
SF:lib\modules\photo_detail.dart\widgets\photo_detail_card.dart
DA:6,0
DA:15,0
DA:17,0
DA:18,0
DA:20,0
DA:21,0
DA:22,0
DA:23,0
DA:24,0
DA:25,0
DA:26,0
DA:27,0
DA:28,0
DA:31,0
DA:32,0
LF:15
LH:0
end_of_record
SF:lib\global\connectivity_handler\controller\connectivity_controller.dart
DA:12,1
DA:15,1
DA:16,3
DA:17,0
DA:19,0
DA:23,0
DA:24,0
DA:26,0
DA:29,0
DA:33,0
DA:38,0
DA:42,0
DA:43,0
DA:44,0
DA:55,0
DA:58,0
LF:16
LH:3
end_of_record
SF:lib\modules\list_photos\widgets\list_photo.dart
DA:15,1
DA:16,1
DA:25,1
DA:28,3
DA:31,2
DA:34,3
DA:35,0
DA:38,2
DA:39,1
DA:40,3
DA:42,1
DA:44,0
DA:46,0
DA:48,0
DA:51,1
DA:53,1
DA:54,1
DA:55,1
DA:56,1
DA:57,1
DA:58,1
DA:59,2
DA:61,0
DA:62,0
DA:63,0
LF:25
LH:18
end_of_record
SF:lib\main.dart
DA:9,0
DA:10,0
DA:11,0
DA:12,0
DA:13,0
DA:21,1
DA:23,0
DA:25,0
DA:26,0
LF:9
LH:1
end_of_record
